Building DAG of jobs...
MissingInputException in line 297 of /net/nfs/PAT/analysis/MPS-407/201223_K00360_0679/QDNAseq.snakemake/Snakefile:
Missing input files for rule summary:
../qc-fastq/007_R1_I2_repeat_lib_S9_R1_001_fastqc.html
../qc-fastq/005_R3_I3_S5_R1_001_fastqc.html
../qc-fastq/016_R2_I4_repeat_lib_S23_R1_001_fastqc.html
../qc-fastq/015_R2_I2_repeat_lib_S21_R1_001_fastqc.html
../qc-fastq/005_R2_I3_S4_R1_001_fastqc.html
../qc-fastq/006_R1_I2_repeat_lib_S6_R1_001_fastqc.html
../qc-fastq/015_R1_I1_repeat_lib_S20_R1_001_fastqc.html
../qc-fastq/007_R2_I2_S10_R1_001_fastqc.html
../qc-fastq/010_R2_I2_S15_R1_001_fastqc.html
../qc-fastq/017_R1_I3_S24_R1_001_fastqc.html
../qc-fastq/025_R3_I3_S36_R1_001_fastqc.html
../qc-fastq/005_R1_I3_S3_R1_001_fastqc.html
../qc-fastq/017_R2_I2_S25_R1_001_fastqc.html
../qc-fastq/006_R2_I3_S7_R1_001_fastqc.html
../qc-fastq/012_R2_I2_S17_R1_001_fastqc.html
../qc-fastq/003_R3_I3_S2_R1_001_fastqc.html
../qc-fastq/007_R4_I2_repeat_lib_S12_R1_001_fastqc.html
../qc-fastq/014_R1_I1_S18_R1_001_fastqc.html
../qc-fastq/019_R1_I2_S27_R1_001_fastqc.html
../qc-fastq/025_R1_I2_repeat_lib_S34_R1_001_fastqc.html
../qc-fastq/022_R1_I4_S31_R1_001_fastqc.html
../qc-fastq/019_R2_I2_S28_R1_001_fastqc.html
../qc-fastq/024_R2_I3_repeat_lib_S33_R1_001_fastqc.html
../qc-fastq/022_R2_I2_S32_R1_001_fastqc.html
../qc-fastq/018_R1_I1_S26_R1_001_fastqc.html
../qc-fastq/007_R3_I3_repeat_lib_S11_R1_001_fastqc.html
../qc-fastq/010_R1_I2_S14_R1_001_fastqc.html
../qc-fastq/014_R2_I2_S19_R1_001_fastqc.html
../qc-fastq/003_R2_I3_repeat_lib_S1_R1_001_fastqc.html
../qc-fastq/008_R2_I2_S13_R1_001_fastqc.html
../qc-fastq/020_R3_I3_S30_R1_001_fastqc.html
../qc-fastq/006_R3_I3_S8_R1_001_fastqc.html
../qc-fastq/025_R2_I3_S35_R1_001_fastqc.html
../qc-fastq/012_R1_I2_S16_R1_001_fastqc.html
../qc-fastq/020_R1_I2_repeat_lib_S29_R1_001_fastqc.html
../qc-fastq/015_R3_I2_S22_R1_001_fastqc.html
